<?xml version="1.0" encoding="UTF-8"?>
<testsuite name="com.boottest.springboot.web.IndexControllderTest" tests="1" skipped="0" failures="0" errors="0" timestamp="2022-02-18T00:32:38" hostname="DESKTOP-0EMLG8F" time="0.176">
  <properties/>
  <testcase name="메인페이지_로딩" classname="com.boottest.springboot.web.IndexControllderTest" time="0.176"/>
  <system-out><![CDATA[2022-02-18 09:32:36.110  INFO 16400 --- [    Test worker] .b.t.c.SpringBootTestContextBootstrapper : Neither @ContextConfiguration nor @ContextHierarchy found for test class [com.boottest.springboot.web.IndexControllderTest], using SpringBootContextLoader
2022-02-18 09:32:36.111  INFO 16400 --- [    Test worker] o.s.t.c.support.AbstractContextLoader    : Could not detect default resource locations for test class [com.boottest.springboot.web.IndexControllderTest]: no resource found for suffixes {-context.xml, Context.groovy}.
2022-02-18 09:32:36.111  INFO 16400 --- [    Test worker] t.c.s.AnnotationConfigContextLoaderUtils : Could not detect default configuration classes for test class [com.boottest.springboot.web.IndexControllderTest]: IndexControllderTest does not declare any static, non-private, non-final, nested classes annotated with @Configuration.
2022-02-18 09:32:36.113  INFO 16400 --- [    Test worker] .b.t.c.SpringBootTestContextBootstrapper : Found @SpringBootConfiguration com.boottest.springboot.Application for test class com.boottest.springboot.web.IndexControllderTest
2022-02-18 09:32:36.114  INFO 16400 --- [    Test worker] .b.t.c.SpringBootTestContextBootstrapper : Loaded default TestExecutionListener class names from location [META-INF/spring.factories]: [org.springframework.security.test.context.support.WithSecurityContextTestExecutionListener, org.springframework.security.test.context.support.ReactorContextTestExecutionListener, org.springframework.boot.test.autoconfigure.restdocs.RestDocsTestExecutionListener, org.springframework.boot.test.autoconfigure.web.client.MockRestServiceServerResetTestExecutionListener, org.springframework.boot.test.autoconfigure.web.servlet.MockMvcPrintOnlyOnFailureTestExecutionListener, org.springframework.boot.test.autoconfigure.web.servlet.WebDriverTestExecutionListener, org.springframework.boot.test.mock.mockito.MockitoTestExecutionListener, org.springframework.boot.test.mock.mockito.ResetMocksTestExecutionListener, org.springframework.test.context.web.ServletTestExecutionListener, org.springframework.test.context.support.DirtiesContextBeforeModesTestExecutionListener, org.springframework.test.context.support.DependencyInjectionTestExecutionListener, org.springframework.test.context.support.DirtiesContextTestExecutionListener, org.springframework.test.context.transaction.TransactionalTestExecutionListener, org.springframework.test.context.jdbc.SqlScriptsTestExecutionListener]
2022-02-18 09:32:36.115  INFO 16400 --- [    Test worker] .b.t.c.SpringBootTestContextBootstrapper : Using TestExecutionListeners: [org.springframework.test.context.web.ServletTestExecutionListener@1e9255da, org.springframework.test.context.support.DirtiesContextBeforeModesTestExecutionListener@6c16653c, org.springframework.boot.test.mock.mockito.MockitoTestExecutionListener@2672157b, org.springframework.boot.test.autoconfigure.SpringBootDependencyInjectionTestExecutionListener@6aed9199, org.springframework.test.context.support.DirtiesContextTestExecutionListener@66dd259b, org.springframework.test.context.transaction.TransactionalTestExecutionListener@39bd93f9, org.springframework.test.context.jdbc.SqlScriptsTestExecutionListener@fd28078, org.springframework.security.test.context.support.WithSecurityContextTestExecutionListener@9b5a942, org.springframework.security.test.context.support.ReactorContextTestExecutionListener@6cbb412, org.springframework.boot.test.autoconfigure.restdocs.RestDocsTestExecutionListener@533ccd69, org.springframework.boot.test.autoconfigure.web.client.MockRestServiceServerResetTestExecutionListener@48f64636, org.springframework.boot.test.autoconfigure.web.servlet.MockMvcPrintOnlyOnFailureTestExecutionListener@6c2d19d3, org.springframework.boot.test.autoconfigure.web.servlet.WebDriverTestExecutionListener@371d4b60, org.springframework.boot.test.mock.mockito.ResetMocksTestExecutionListener@27f8f6f]

  .   ____          _            __ _ _
 /\\ / ___'_ __ _ _(_)_ __  __ _ \ \ \ \
( ( )\___ | '_ | '_| | '_ \/ _` | \ \ \ \
 \\/  ___)| |_)| | | | | || (_| |  ) ) ) )
  '  |____| .__|_| |_|_| |_\__, | / / / /
 =========|_|==============|___/=/_/_/_/
 :: Spring Boot ::        (v2.1.9.RELEASE)

2022-02-18 09:32:36.151  INFO 16400 --- [    Test worker] c.b.springboot.web.IndexControllderTest  : Starting IndexControllderTest on DESKTOP-0EMLG8F with PID 16400 (started by AI-NOMIS2 in C:\Users\AI-NOMIS2\Desktop\인텔리제이 스프링부트 테스트\boottest)
2022-02-18 09:32:36.152  INFO 16400 --- [    Test worker] c.b.springboot.web.IndexControllderTest  : No active profile set, falling back to default profiles: default
2022-02-18 09:32:36.400  INFO 16400 --- [    Test worker] .s.d.r.c.RepositoryConfigurationDelegate : Bootstrapping Spring Data repositories in DEFAULT mode.
2022-02-18 09:32:36.425  INFO 16400 --- [    Test worker] .s.d.r.c.RepositoryConfigurationDelegate : Finished Spring Data repository scanning in 25ms. Found 2 repository interfaces.
2022-02-18 09:32:36.519  INFO 16400 --- [    Test worker] trationDelegate$BeanPostProcessorChecker : Bean 'org.springframework.transaction.annotation.ProxyTransactionManagementConfiguration' of type [org.springframework.transaction.annotation.ProxyTransactionManagementConfiguration$$EnhancerBySpringCGLIB$$56acf547] is not eligible for getting processed by all BeanPostProcessors (for example: not eligible for auto-proxying)
2022-02-18 09:32:36.789  INFO 16400 --- [    Test worker] o.s.b.w.embedded.tomcat.TomcatWebServer  : Tomcat initialized with port(s): 0 (http)
2022-02-18 09:32:36.822  INFO 16400 --- [    Test worker] o.apache.catalina.core.StandardService   : Starting service [Tomcat]
2022-02-18 09:32:36.822  INFO 16400 --- [    Test worker] org.apache.catalina.core.StandardEngine  : Starting Servlet engine: [Apache Tomcat/9.0.26]
2022-02-18 09:32:37.002  INFO 16400 --- [    Test worker] o.a.c.c.C.[Tomcat].[localhost].[/]       : Initializing Spring embedded WebApplicationContext
2022-02-18 09:32:37.002  INFO 16400 --- [    Test worker] o.s.web.context.ContextLoader            : Root WebApplicationContext: initialization completed in 848 ms
2022-02-18 09:32:37.188  INFO 16400 --- [    Test worker] com.zaxxer.hikari.HikariDataSource       : HikariPool-2 - Starting...
2022-02-18 09:32:37.189  INFO 16400 --- [    Test worker] com.zaxxer.hikari.HikariDataSource       : HikariPool-2 - Start completed.
2022-02-18 09:32:37.224  INFO 16400 --- [    Test worker] o.hibernate.jpa.internal.util.LogHelper  : HHH000204: Processing PersistenceUnitInfo [
	name: default
	...]
2022-02-18 09:32:37.238  INFO 16400 --- [    Test worker] org.hibernate.dialect.Dialect            : HHH000400: Using dialect: org.hibernate.dialect.MySQL5InnoDBDialect
Hibernate: drop table if exists posts
Hibernate: drop table if exists user
Hibernate: create table posts (id bigint not null auto_increment, created_date datetime, modified_date datetime, author varchar(255), content TEXT not null, title varchar(500) not null, primary key (id)) engine=InnoDB
Hibernate: create table user (id bigint not null auto_increment, created_date datetime, modified_date datetime, email varchar(255) not null, name varchar(255) not null, picture varchar(255), role varchar(255) not null, primary key (id)) engine=InnoDB
2022-02-18 09:32:37.301  INFO 16400 --- [    Test worker] o.h.t.schema.internal.SchemaCreatorImpl  : HHH000476: Executing import script 'org.hibernate.tool.schema.internal.exec.ScriptSourceInputNonExistentImpl@786c994a'
2022-02-18 09:32:37.302  INFO 16400 --- [    Test worker] j.LocalContainerEntityManagerFactoryBean : Initialized JPA EntityManagerFactory for persistence unit 'default'
2022-02-18 09:32:37.632  INFO 16400 --- [    Test worker] o.h.h.i.QueryTranslatorFactoryInitiator  : HHH000397: Using ASTQueryTranslatorFactory
2022-02-18 09:32:37.790  INFO 16400 --- [    Test worker] o.s.s.web.DefaultSecurityFilterChain     : Creating filter chain: any request, [org.springframework.security.web.context.request.async.WebAsyncManagerIntegrationFilter@1c3f5320, org.springframework.security.web.context.SecurityContextPersistenceFilter@191f2962, org.springframework.security.web.header.HeaderWriterFilter@3ab024dc, org.springframework.security.web.authentication.logout.LogoutFilter@2603f107, org.springframework.security.oauth2.client.web.OAuth2AuthorizationRequestRedirectFilter@3ba25cc0, org.springframework.security.oauth2.client.web.OAuth2LoginAuthenticationFilter@bd124a2, org.springframework.security.web.authentication.ui.DefaultLoginPageGeneratingFilter@46b7848a, org.springframework.security.web.authentication.ui.DefaultLogoutPageGeneratingFilter@e5a3da8, org.springframework.security.web.savedrequest.RequestCacheAwareFilter@40d499a3, org.springframework.security.web.servletapi.SecurityContextHolderAwareRequestFilter@7b79d3a1, org.springframework.security.web.authentication.AnonymousAuthenticationFilter@273734ff, org.springframework.security.web.session.SessionManagementFilter@5fec43ff, org.springframework.security.web.access.ExceptionTranslationFilter@1cd8b943, org.springframework.security.web.access.intercept.FilterSecurityInterceptor@b633295]
2022-02-18 09:32:38.002  INFO 16400 --- [    Test worker] o.s.s.concurrent.ThreadPoolTaskExecutor  : Initializing ExecutorService 'applicationTaskExecutor'
2022-02-18 09:32:38.013  WARN 16400 --- [    Test worker] aWebConfiguration$JpaWebMvcConfiguration : spring.jpa.open-in-view is enabled by default. Therefore, database queries may be performed during view rendering. Explicitly configure spring.jpa.open-in-view to disable this warning
2022-02-18 09:32:38.041  INFO 16400 --- [    Test worker] o.s.b.a.w.s.WelcomePageHandlerMapping    : Adding welcome page template: index
2022-02-18 09:32:38.333  INFO 16400 --- [    Test worker] s.a.ScheduledAnnotationBeanPostProcessor : No TaskScheduler/ScheduledExecutorService bean found for scheduled processing
2022-02-18 09:32:38.354  INFO 16400 --- [    Test worker] o.s.b.w.embedded.tomcat.TomcatWebServer  : Tomcat started on port(s): 59393 (http) with context path ''
2022-02-18 09:32:38.355  INFO 16400 --- [    Test worker] c.b.springboot.web.IndexControllderTest  : Started IndexControllderTest in 2.238 seconds (JVM running for 11.467)
2022-02-18 09:32:38.443  INFO 16400 --- [o-auto-1-exec-1] o.a.c.c.C.[Tomcat].[localhost].[/]       : Initializing Spring DispatcherServlet 'dispatcherServlet'
2022-02-18 09:32:38.443  INFO 16400 --- [o-auto-1-exec-1] o.s.web.servlet.DispatcherServlet        : Initializing Servlet 'dispatcherServlet'
2022-02-18 09:32:38.461  INFO 16400 --- [o-auto-1-exec-1] o.s.web.servlet.DispatcherServlet        : Completed initialization in 18 ms
Hibernate: select posts0_.id as id1_0_, posts0_.created_date as created_2_0_, posts0_.modified_date as modified3_0_, posts0_.author as author4_0_, posts0_.content as content5_0_, posts0_.title as title6_0_ from posts posts0_ order by posts0_.id DESC
]]></system-out>
  <system-err><![CDATA[]]></system-err>
</testsuite>
