<?xml version="1.0" encoding="UTF-8"?>
<testsuite name="com.boottest.springboot.web.HelloControllerTest" tests="2" skipped="0" failures="0" errors="0" timestamp="2022-02-18T00:32:31" hostname="DESKTOP-0EMLG8F" time="0.318">
  <properties/>
  <testcase name="hello가_리턴된다" classname="com.boottest.springboot.web.HelloControllerTest" time="0.235"/>
  <testcase name="helloDto가_리턴된다" classname="com.boottest.springboot.web.HelloControllerTest" time="0.083"/>
  <system-out><![CDATA[09:32:28.018 [Test worker] DEBUG org.springframework.test.context.junit4.SpringJUnit4ClassRunner - SpringJUnit4ClassRunner constructor called with [class com.boottest.springboot.web.HelloControllerTest]
09:32:28.028 [Test worker] DEBUG org.springframework.test.context.BootstrapUtils - Instantiating CacheAwareContextLoaderDelegate from class [org.springframework.test.context.cache.DefaultCacheAwareContextLoaderDelegate]
09:32:28.039 [Test worker] DEBUG org.springframework.test.context.BootstrapUtils - Instantiating BootstrapContext using constructor [public org.springframework.test.context.support.DefaultBootstrapContext(java.lang.Class,org.springframework.test.context.CacheAwareContextLoaderDelegate)]
09:32:28.062 [Test worker] DEBUG org.springframework.test.context.BootstrapUtils - Instantiating TestContextBootstrapper for test class [com.boottest.springboot.web.HelloControllerTest] from class [org.springframework.boot.test.autoconfigure.web.servlet.WebMvcTestContextBootstrapper]
09:32:28.086 [Test worker] INFO org.springframework.boot.test.autoconfigure.web.servlet.WebMvcTestContextBootstrapper - Neither @ContextConfiguration nor @ContextHierarchy found for test class [com.boottest.springboot.web.HelloControllerTest], using SpringBootContextLoader
09:32:28.090 [Test worker] DEBUG org.springframework.test.context.support.AbstractContextLoader - Did not detect default resource location for test class [com.boottest.springboot.web.HelloControllerTest]: class path resource [com/boottest/springboot/web/HelloControllerTest-context.xml] does not exist
09:32:28.091 [Test worker] DEBUG org.springframework.test.context.support.AbstractContextLoader - Did not detect default resource location for test class [com.boottest.springboot.web.HelloControllerTest]: class path resource [com/boottest/springboot/web/HelloControllerTestContext.groovy] does not exist
09:32:28.091 [Test worker] INFO org.springframework.test.context.support.AbstractContextLoader - Could not detect default resource locations for test class [com.boottest.springboot.web.HelloControllerTest]: no resource found for suffixes {-context.xml, Context.groovy}.
09:32:28.092 [Test worker] INFO org.springframework.test.context.support.AnnotationConfigContextLoaderUtils - Could not detect default configuration classes for test class [com.boottest.springboot.web.HelloControllerTest]: HelloControllerTest does not declare any static, non-private, non-final, nested classes annotated with @Configuration.
09:32:28.176 [Test worker] DEBUG org.springframework.test.context.support.ActiveProfilesUtils - Could not find an 'annotation declaring class' for annotation type [org.springframework.test.context.ActiveProfiles] and class [com.boottest.springboot.web.HelloControllerTest]
09:32:28.271 [Test worker] DEBUG org.springframework.context.annotation.ClassPathScanningCandidateComponentProvider - Identified candidate component class: file [C:\Users\AI-NOMIS2\Desktop\인텔리제이 스프링부트 테스트\boottest\build\classes\java\main\com\boottest\springboot\Application.class]
09:32:28.272 [Test worker] INFO org.springframework.boot.test.context.SpringBootTestContextBootstrapper - Found @SpringBootConfiguration com.boottest.springboot.Application for test class com.boottest.springboot.web.HelloControllerTest
09:32:28.274 [Test worker] DEBUG org.springframework.boot.test.autoconfigure.web.servlet.WebMvcTestContextBootstrapper - @TestExecutionListeners is not present for class [com.boottest.springboot.web.HelloControllerTest]: using defaults.
09:32:28.275 [Test worker] INFO org.springframework.boot.test.autoconfigure.web.servlet.WebMvcTestContextBootstrapper - Loaded default TestExecutionListener class names from location [META-INF/spring.factories]: [org.springframework.security.test.context.support.WithSecurityContextTestExecutionListener, org.springframework.security.test.context.support.ReactorContextTestExecutionListener, org.springframework.boot.test.autoconfigure.restdocs.RestDocsTestExecutionListener, org.springframework.boot.test.autoconfigure.web.client.MockRestServiceServerResetTestExecutionListener, org.springframework.boot.test.autoconfigure.web.servlet.MockMvcPrintOnlyOnFailureTestExecutionListener, org.springframework.boot.test.autoconfigure.web.servlet.WebDriverTestExecutionListener, org.springframework.boot.test.mock.mockito.MockitoTestExecutionListener, org.springframework.boot.test.mock.mockito.ResetMocksTestExecutionListener, org.springframework.test.context.web.ServletTestExecutionListener, org.springframework.test.context.support.DirtiesContextBeforeModesTestExecutionListener, org.springframework.test.context.support.DependencyInjectionTestExecutionListener, org.springframework.test.context.support.DirtiesContextTestExecutionListener, org.springframework.test.context.transaction.TransactionalTestExecutionListener, org.springframework.test.context.jdbc.SqlScriptsTestExecutionListener]
09:32:28.302 [Test worker] INFO org.springframework.boot.test.autoconfigure.web.servlet.WebMvcTestContextBootstrapper - Using TestExecutionListeners: [org.springframework.test.context.web.ServletTestExecutionListener@32c28288, org.springframework.test.context.support.DirtiesContextBeforeModesTestExecutionListener@2b5e0825, org.springframework.boot.test.mock.mockito.MockitoTestExecutionListener@52b7560a, org.springframework.boot.test.autoconfigure.SpringBootDependencyInjectionTestExecutionListener@17886ce5, org.springframework.test.context.support.DirtiesContextTestExecutionListener@31786a5e, org.springframework.test.context.transaction.TransactionalTestExecutionListener@6a3c4374, org.springframework.test.context.jdbc.SqlScriptsTestExecutionListener@2d35f3f, org.springframework.security.test.context.support.WithSecurityContextTestExecutionListener@56e8f4c4, org.springframework.security.test.context.support.ReactorContextTestExecutionListener@24b05edd, org.springframework.boot.test.autoconfigure.restdocs.RestDocsTestExecutionListener@2c9f8edc, org.springframework.boot.test.autoconfigure.web.client.MockRestServiceServerResetTestExecutionListener@342d16d7, org.springframework.boot.test.autoconfigure.web.servlet.MockMvcPrintOnlyOnFailureTestExecutionListener@25f28a42, org.springframework.boot.test.autoconfigure.web.servlet.WebDriverTestExecutionListener@3926e97, org.springframework.boot.test.mock.mockito.ResetMocksTestExecutionListener@532bf957]
09:32:28.305 [Test worker] DEBUG org.springframework.test.annotation.ProfileValueUtils - Retrieved @ProfileValueSourceConfiguration [null] for test class [com.boottest.springboot.web.HelloControllerTest]
09:32:28.306 [Test worker] DEBUG org.springframework.test.annotation.ProfileValueUtils - Retrieved ProfileValueSource type [class org.springframework.test.annotation.SystemProfileValueSource] for class [com.boottest.springboot.web.HelloControllerTest]
09:32:28.307 [Test worker] DEBUG org.springframework.test.annotation.ProfileValueUtils - Retrieved @ProfileValueSourceConfiguration [null] for test class [com.boottest.springboot.web.HelloControllerTest]
09:32:28.307 [Test worker] DEBUG org.springframework.test.annotation.ProfileValueUtils - Retrieved ProfileValueSource type [class org.springframework.test.annotation.SystemProfileValueSource] for class [com.boottest.springboot.web.HelloControllerTest]
09:32:28.312 [Test worker] DEBUG org.springframework.test.context.support.AbstractDirtiesContextTestExecutionListener - Before test class: context [DefaultTestContext@2c67c553 testClass = HelloControllerTest, testInstance = [null], testMethod = [null], testException = [null], mergedContextConfiguration = [WebMergedContextConfiguration@b693c6b testClass = HelloControllerTest, locations = '{}', classes = '{class com.boottest.springboot.Application}', contextInitializerClasses = '[]', activeProfiles = '{}', propertySourceLocations = '{}', propertySourceProperties = '{org.springframework.boot.test.autoconfigure.web.servlet.WebMvcTestContextBootstrapper=true}', contextCustomizers = set[org.springframework.boot.test.autoconfigure.OverrideAutoConfigurationContextCustomizerFactory$DisableAutoConfigurationContextCustomizer@2815abb, org.springframework.boot.test.autoconfigure.filter.TypeExcludeFiltersContextCustomizer@36a959a8, org.springframework.boot.test.autoconfigure.properties.PropertyMappingContextCustomizer@f4599be1, org.springframework.boot.test.autoconfigure.web.servlet.WebDriverContextCustomizerFactory$Customizer@66c0a436, [ImportsContextCustomizer@471f8ce8 key = [org.springframework.boot.autoconfigure.cache.CacheAutoConfiguration, org.springframework.boot.autoconfigure.context.MessageSourceAutoConfiguration, org.springframework.boot.autoconfigure.data.web.SpringDataWebAutoConfiguration, org.springframework.boot.autoconfigure.freemarker.FreeMarkerAutoConfiguration, org.springframework.boot.autoconfigure.groovy.template.GroovyTemplateAutoConfiguration, org.springframework.boot.autoconfigure.gson.GsonAutoConfiguration, org.springframework.boot.autoconfigure.hateoas.HypermediaAutoConfiguration, org.springframework.boot.autoconfigure.http.HttpMessageConvertersAutoConfiguration, org.springframework.boot.autoconfigure.jackson.JacksonAutoConfiguration, org.springframework.boot.autoconfigure.jsonb.JsonbAutoConfiguration, org.springframework.boot.autoconfigure.mustache.MustacheAutoConfiguration, org.springframework.boot.autoconfigure.task.TaskExecutionAutoConfiguration, org.springframework.boot.autoconfigure.thymeleaf.ThymeleafAutoConfiguration, org.springframework.boot.autoconfigure.validation.ValidationAutoConfiguration, org.springframework.boot.autoconfigure.web.servlet.error.ErrorMvcAutoConfiguration, org.springframework.boot.autoconfigure.web.servlet.WebMvcAutoConfiguration, org.springframework.boot.test.autoconfigure.web.servlet.MockMvcAutoConfiguration, org.springframework.boot.test.autoconfigure.web.servlet.MockMvcSecurityAutoConfiguration, org.springframework.boot.test.autoconfigure.web.servlet.MockMvcWebClientAutoConfiguration, org.springframework.boot.test.autoconfigure.web.servlet.MockMvcWebDriverAutoConfiguration]], org.springframework.boot.test.context.filter.ExcludeFilterContextCustomizer@7671af1d, org.springframework.boot.test.json.DuplicateJsonObjectContextCustomizerFactory$DuplicateJsonObjectContextCustomizer@be1350d, org.springframework.boot.test.mock.mockito.MockitoContextCustomizer@0], resourceBasePath = 'src/main/webapp', contextLoader = 'org.springframework.boot.test.context.SpringBootContextLoader', parent = [null]], attributes = map[[empty]]], class annotated with @DirtiesContext [false] with mode [null].
09:32:28.313 [Test worker] DEBUG org.springframework.test.annotation.ProfileValueUtils - Retrieved @ProfileValueSourceConfiguration [null] for test class [com.boottest.springboot.web.HelloControllerTest]
09:32:28.313 [Test worker] DEBUG org.springframework.test.annotation.ProfileValueUtils - Retrieved ProfileValueSource type [class org.springframework.test.annotation.SystemProfileValueSource] for class [com.boottest.springboot.web.HelloControllerTest]
09:32:28.318 [Test worker] DEBUG org.springframework.test.context.support.DependencyInjectionTestExecutionListener - Performing dependency injection for test context [[DefaultTestContext@2c67c553 testClass = HelloControllerTest, testInstance = com.boottest.springboot.web.HelloControllerTest@7ba1ece6, testMethod = [null], testException = [null], mergedContextConfiguration = [WebMergedContextConfiguration@b693c6b testClass = HelloControllerTest, locations = '{}', classes = '{class com.boottest.springboot.Application}', contextInitializerClasses = '[]', activeProfiles = '{}', propertySourceLocations = '{}', propertySourceProperties = '{org.springframework.boot.test.autoconfigure.web.servlet.WebMvcTestContextBootstrapper=true}', contextCustomizers = set[org.springframework.boot.test.autoconfigure.OverrideAutoConfigurationContextCustomizerFactory$DisableAutoConfigurationContextCustomizer@2815abb, org.springframework.boot.test.autoconfigure.filter.TypeExcludeFiltersContextCustomizer@36a959a8, org.springframework.boot.test.autoconfigure.properties.PropertyMappingContextCustomizer@f4599be1, org.springframework.boot.test.autoconfigure.web.servlet.WebDriverContextCustomizerFactory$Customizer@66c0a436, [ImportsContextCustomizer@471f8ce8 key = [org.springframework.boot.autoconfigure.cache.CacheAutoConfiguration, org.springframework.boot.autoconfigure.context.MessageSourceAutoConfiguration, org.springframework.boot.autoconfigure.data.web.SpringDataWebAutoConfiguration, org.springframework.boot.autoconfigure.freemarker.FreeMarkerAutoConfiguration, org.springframework.boot.autoconfigure.groovy.template.GroovyTemplateAutoConfiguration, org.springframework.boot.autoconfigure.gson.GsonAutoConfiguration, org.springframework.boot.autoconfigure.hateoas.HypermediaAutoConfiguration, org.springframework.boot.autoconfigure.http.HttpMessageConvertersAutoConfiguration, org.springframework.boot.autoconfigure.jackson.JacksonAutoConfiguration, org.springframework.boot.autoconfigure.jsonb.JsonbAutoConfiguration, org.springframework.boot.autoconfigure.mustache.MustacheAutoConfiguration, org.springframework.boot.autoconfigure.task.TaskExecutionAutoConfiguration, org.springframework.boot.autoconfigure.thymeleaf.ThymeleafAutoConfiguration, org.springframework.boot.autoconfigure.validation.ValidationAutoConfiguration, org.springframework.boot.autoconfigure.web.servlet.error.ErrorMvcAutoConfiguration, org.springframework.boot.autoconfigure.web.servlet.WebMvcAutoConfiguration, org.springframework.boot.test.autoconfigure.web.servlet.MockMvcAutoConfiguration, org.springframework.boot.test.autoconfigure.web.servlet.MockMvcSecurityAutoConfiguration, org.springframework.boot.test.autoconfigure.web.servlet.MockMvcWebClientAutoConfiguration, org.springframework.boot.test.autoconfigure.web.servlet.MockMvcWebDriverAutoConfiguration]], org.springframework.boot.test.context.filter.ExcludeFilterContextCustomizer@7671af1d, org.springframework.boot.test.json.DuplicateJsonObjectContextCustomizerFactory$DuplicateJsonObjectContextCustomizer@be1350d, org.springframework.boot.test.mock.mockito.MockitoContextCustomizer@0], resourceBasePath = 'src/main/webapp', contextLoader = 'org.springframework.boot.test.context.SpringBootContextLoader', parent = [null]], attributes = map[[empty]]]].
09:32:28.520 [Test worker] DEBUG org.springframework.test.context.support.TestPropertySourceUtils - Adding inlined properties to environment: {spring.jmx.enabled=false, org.springframework.boot.test.autoconfigure.web.servlet.WebMvcTestContextBootstrapper=true, server.port=-1}

  .   ____          _            __ _ _
 /\\ / ___'_ __ _ _(_)_ __  __ _ \ \ \ \
( ( )\___ | '_ | '_| | '_ \/ _` | \ \ \ \
 \\/  ___)| |_)| | | | | || (_| |  ) ) ) )
  '  |____| .__|_| |_|_| |_\__, | / / / /
 =========|_|==============|___/=/_/_/_/
 :: Spring Boot ::        (v2.1.9.RELEASE)

2022-02-18 09:32:28.852  INFO 16400 --- [    Test worker] c.b.springboot.web.HelloControllerTest   : Starting HelloControllerTest on DESKTOP-0EMLG8F with PID 16400 (started by AI-NOMIS2 in C:\Users\AI-NOMIS2\Desktop\인텔리제이 스프링부트 테스트\boottest)
2022-02-18 09:32:28.856  INFO 16400 --- [    Test worker] c.b.springboot.web.HelloControllerTest   : No active profile set, falling back to default profiles: default
2022-02-18 09:32:30.259  INFO 16400 --- [    Test worker] o.s.s.concurrent.ThreadPoolTaskExecutor  : Initializing ExecutorService 'applicationTaskExecutor'
2022-02-18 09:32:30.349  INFO 16400 --- [    Test worker] o.s.b.a.w.s.WelcomePageHandlerMapping    : Adding welcome page template: index
2022-02-18 09:32:30.710  INFO 16400 --- [    Test worker] .s.s.UserDetailsServiceAutoConfiguration : 

Using generated security password: d8a550bc-48ec-45c0-a608-1834f0c6dafc

2022-02-18 09:32:30.922  INFO 16400 --- [    Test worker] o.s.s.web.DefaultSecurityFilterChain     : Creating filter chain: any request, [org.springframework.security.web.context.request.async.WebAsyncManagerIntegrationFilter@2192262a, org.springframework.security.web.context.SecurityContextPersistenceFilter@22f44e8a, org.springframework.security.web.header.HeaderWriterFilter@39f88618, org.springframework.security.web.csrf.CsrfFilter@73bfa250, org.springframework.security.web.authentication.logout.LogoutFilter@3dc8270, org.springframework.security.web.authentication.UsernamePasswordAuthenticationFilter@50452778, org.springframework.security.web.authentication.ui.DefaultLoginPageGeneratingFilter@41c648bd, org.springframework.security.web.authentication.ui.DefaultLogoutPageGeneratingFilter@7fcdc3db, org.springframework.security.web.authentication.www.BasicAuthenticationFilter@3356d5d6, org.springframework.security.web.savedrequest.RequestCacheAwareFilter@1fe1db3, org.springframework.security.web.servletapi.SecurityContextHolderAwareRequestFilter@c9e7f3b, org.springframework.security.web.authentication.AnonymousAuthenticationFilter@77fb6712, org.springframework.security.web.session.SessionManagementFilter@376c777c, org.springframework.security.web.access.ExceptionTranslationFilter@4c499400, org.springframework.security.web.access.intercept.FilterSecurityInterceptor@5200bc9b]
2022-02-18 09:32:30.965  INFO 16400 --- [    Test worker] o.s.b.t.m.w.SpringBootMockServletContext : Initializing Spring TestDispatcherServlet ''
2022-02-18 09:32:30.965  INFO 16400 --- [    Test worker] o.s.t.web.servlet.TestDispatcherServlet  : Initializing Servlet ''
2022-02-18 09:32:30.981  INFO 16400 --- [    Test worker] o.s.t.web.servlet.TestDispatcherServlet  : Completed initialization in 16 ms
2022-02-18 09:32:31.029  INFO 16400 --- [    Test worker] c.b.springboot.web.HelloControllerTest   : Started HelloControllerTest in 2.499 seconds (JVM running for 4.141)
]]></system-out>
  <system-err><![CDATA[]]></system-err>
</testsuite>
