<?xml version="1.0" encoding="UTF-8"?>
<testsuite name="com.boottest.springboot.web.PostsApiControllerTest" tests="3" skipped="0" failures="0" errors="0" timestamp="2022-02-18T00:32:38" hostname="DESKTOP-0EMLG8F" time="0.141">
  <properties/>
  <testcase name="BaseTimeEntity_등록" classname="com.boottest.springboot.web.PostsApiControllerTest" time="0.02"/>
  <testcase name="Posts_등록된다" classname="com.boottest.springboot.web.PostsApiControllerTest" time="0.088"/>
  <testcase name="Posts_수정된다" classname="com.boottest.springboot.web.PostsApiControllerTest" time="0.031"/>
  <system-out><![CDATA[2022-02-18 09:32:38.539  INFO 16400 --- [    Test worker] .b.t.c.SpringBootTestContextBootstrapper : Neither @ContextConfiguration nor @ContextHierarchy found for test class [com.boottest.springboot.web.PostsApiControllerTest], using SpringBootContextLoader
2022-02-18 09:32:38.540  INFO 16400 --- [    Test worker] o.s.t.c.support.AbstractContextLoader    : Could not detect default resource locations for test class [com.boottest.springboot.web.PostsApiControllerTest]: no resource found for suffixes {-context.xml, Context.groovy}.
2022-02-18 09:32:38.540  INFO 16400 --- [    Test worker] t.c.s.AnnotationConfigContextLoaderUtils : Could not detect default configuration classes for test class [com.boottest.springboot.web.PostsApiControllerTest]: PostsApiControllerTest does not declare any static, non-private, non-final, nested classes annotated with @Configuration.
2022-02-18 09:32:38.542  INFO 16400 --- [    Test worker] .b.t.c.SpringBootTestContextBootstrapper : Found @SpringBootConfiguration com.boottest.springboot.Application for test class com.boottest.springboot.web.PostsApiControllerTest
2022-02-18 09:32:38.544  INFO 16400 --- [    Test worker] .b.t.c.SpringBootTestContextBootstrapper : Loaded default TestExecutionListener class names from location [META-INF/spring.factories]: [org.springframework.security.test.context.support.WithSecurityContextTestExecutionListener, org.springframework.security.test.context.support.ReactorContextTestExecutionListener, org.springframework.boot.test.autoconfigure.restdocs.RestDocsTestExecutionListener, org.springframework.boot.test.autoconfigure.web.client.MockRestServiceServerResetTestExecutionListener, org.springframework.boot.test.autoconfigure.web.servlet.MockMvcPrintOnlyOnFailureTestExecutionListener, org.springframework.boot.test.autoconfigure.web.servlet.WebDriverTestExecutionListener, org.springframework.boot.test.mock.mockito.MockitoTestExecutionListener, org.springframework.boot.test.mock.mockito.ResetMocksTestExecutionListener, org.springframework.test.context.web.ServletTestExecutionListener, org.springframework.test.context.support.DirtiesContextBeforeModesTestExecutionListener, org.springframework.test.context.support.DependencyInjectionTestExecutionListener, org.springframework.test.context.support.DirtiesContextTestExecutionListener, org.springframework.test.context.transaction.TransactionalTestExecutionListener, org.springframework.test.context.jdbc.SqlScriptsTestExecutionListener]
2022-02-18 09:32:38.545  INFO 16400 --- [    Test worker] .b.t.c.SpringBootTestContextBootstrapper : Using TestExecutionListeners: [org.springframework.test.context.web.ServletTestExecutionListener@1b8d94c8, org.springframework.test.context.support.DirtiesContextBeforeModesTestExecutionListener@4d5fd3c4, org.springframework.boot.test.mock.mockito.MockitoTestExecutionListener@8b9a60d, org.springframework.boot.test.autoconfigure.SpringBootDependencyInjectionTestExecutionListener@51f8ac1f, org.springframework.test.context.support.DirtiesContextTestExecutionListener@26a4493c, org.springframework.test.context.transaction.TransactionalTestExecutionListener@15566fdf, org.springframework.test.context.jdbc.SqlScriptsTestExecutionListener@509a3ab6, org.springframework.security.test.context.support.WithSecurityContextTestExecutionListener@4416ecee, org.springframework.security.test.context.support.ReactorContextTestExecutionListener@407fb0f9, org.springframework.boot.test.autoconfigure.restdocs.RestDocsTestExecutionListener@667107be, org.springframework.boot.test.autoconfigure.web.client.MockRestServiceServerResetTestExecutionListener@673fce4c, org.springframework.boot.test.autoconfigure.web.servlet.MockMvcPrintOnlyOnFailureTestExecutionListener@143d2fd9, org.springframework.boot.test.autoconfigure.web.servlet.WebDriverTestExecutionListener@2978addf, org.springframework.boot.test.mock.mockito.ResetMocksTestExecutionListener@47da03b9]
2022-02-18 09:32:38.550  INFO 16400 --- [    Test worker] o.a.c.c.C.[Tomcat].[localhost].[/]       : Initializing Spring TestDispatcherServlet ''
2022-02-18 09:32:38.551  INFO 16400 --- [    Test worker] o.s.t.web.servlet.TestDispatcherServlet  : Initializing Servlet ''
2022-02-18 09:32:38.553  INFO 16400 --- [    Test worker] o.s.t.web.servlet.TestDispatcherServlet  : Completed initialization in 2 ms
Hibernate: insert into posts (created_date, modified_date, author, content, title) values (?, ?, ?, ?, ?)
Hibernate: select posts0_.id as id1_0_, posts0_.created_date as created_2_0_, posts0_.modified_date as modified3_0_, posts0_.author as author4_0_, posts0_.content as content5_0_, posts0_.title as title6_0_ from posts posts0_
>>>>>>>>>>>>>>>>>>>>>  createDate=2022-02-18T09:32:38.559, modifiedDate=2022-02-18T09:32:38.559
Hibernate: select posts0_.id as id1_0_, posts0_.created_date as created_2_0_, posts0_.modified_date as modified3_0_, posts0_.author as author4_0_, posts0_.content as content5_0_, posts0_.title as title6_0_ from posts posts0_
Hibernate: delete from posts where id=?
2022-02-18 09:32:38.572  INFO 16400 --- [    Test worker] o.a.c.c.C.[Tomcat].[localhost].[/]       : Initializing Spring TestDispatcherServlet ''
2022-02-18 09:32:38.572  INFO 16400 --- [    Test worker] o.s.t.web.servlet.TestDispatcherServlet  : Initializing Servlet ''
2022-02-18 09:32:38.574  INFO 16400 --- [    Test worker] o.s.t.web.servlet.TestDispatcherServlet  : Completed initialization in 2 ms
Hibernate: insert into posts (created_date, modified_date, author, content, title) values (?, ?, ?, ?, ?)
Hibernate: select posts0_.id as id1_0_, posts0_.created_date as created_2_0_, posts0_.modified_date as modified3_0_, posts0_.author as author4_0_, posts0_.content as content5_0_, posts0_.title as title6_0_ from posts posts0_
Hibernate: select posts0_.id as id1_0_, posts0_.created_date as created_2_0_, posts0_.modified_date as modified3_0_, posts0_.author as author4_0_, posts0_.content as content5_0_, posts0_.title as title6_0_ from posts posts0_
Hibernate: delete from posts where id=?
2022-02-18 09:32:38.659  INFO 16400 --- [    Test worker] o.a.c.c.C.[Tomcat].[localhost].[/]       : Initializing Spring TestDispatcherServlet ''
2022-02-18 09:32:38.660  INFO 16400 --- [    Test worker] o.s.t.web.servlet.TestDispatcherServlet  : Initializing Servlet ''
2022-02-18 09:32:38.662  INFO 16400 --- [    Test worker] o.s.t.web.servlet.TestDispatcherServlet  : Completed initialization in 2 ms
Hibernate: insert into posts (created_date, modified_date, author, content, title) values (?, ?, ?, ?, ?)
post api controller = com.boottest.springboot.web.dto.PostsUpdateRequestDto@43fb82eb
Hibernate: select posts0_.id as id1_0_0_, posts0_.created_date as created_2_0_0_, posts0_.modified_date as modified3_0_0_, posts0_.author as author4_0_0_, posts0_.content as content5_0_0_, posts0_.title as title6_0_0_ from posts posts0_ where posts0_.id=?
Hibernate: update posts set created_date=?, modified_date=?, author=?, content=?, title=? where id=?
Hibernate: select posts0_.id as id1_0_, posts0_.created_date as created_2_0_, posts0_.modified_date as modified3_0_, posts0_.author as author4_0_, posts0_.content as content5_0_, posts0_.title as title6_0_ from posts posts0_
Hibernate: select posts0_.id as id1_0_, posts0_.created_date as created_2_0_, posts0_.modified_date as modified3_0_, posts0_.author as author4_0_, posts0_.content as content5_0_, posts0_.title as title6_0_ from posts posts0_
Hibernate: delete from posts where id=?
]]></system-out>
  <system-err><![CDATA[]]></system-err>
</testsuite>
